20240112	19:33:04	function v4(options, buf, offset) {
  if (_native.default.randomUUID && !buf && !options) {
    return _native.default.randomUUID();
  }

  options = options || {};

  const rnds = options.random || (options.rng || _rng.default)(); // Per 4.4, set bits for version and `clock_seq_hi_and_reserved`


  rnds[6] = rnds[6] & 0x0f | 0x40;
  rnds[8] = rnds[8] & 0x3f | 0x80; // Copy bytes to buffer, if provided

  if (buf) {
    offset = offset || 0;

    for (let i = 0; i < 16; ++i) {
      buf[offset + i] = rnds[i];
    }

    return buf;
  }

  return (0, _stringify.unsafeStringify)(rnds);
}	GET	/	undefined
20240112	19:33:04	function v4(options, buf, offset) {
  if (_native.default.randomUUID && !buf && !options) {
    return _native.default.randomUUID();
  }

  options = options || {};

  const rnds = options.random || (options.rng || _rng.default)(); // Per 4.4, set bits for version and `clock_seq_hi_and_reserved`


  rnds[6] = rnds[6] & 0x0f | 0x40;
  rnds[8] = rnds[8] & 0x3f | 0x80; // Copy bytes to buffer, if provided

  if (buf) {
    offset = offset || 0;

    for (let i = 0; i < 16; ++i) {
      buf[offset + i] = rnds[i];
    }

    return buf;
  }

  return (0, _stringify.unsafeStringify)(rnds);
}	GET	/favicon.ico	undefined
20240114	15:15:09	function v4(options, buf, offset) {
  if (_native.default.randomUUID && !buf && !options) {
    return _native.default.randomUUID();
  }

  options = options || {};

  const rnds = options.random || (options.rng || _rng.default)(); // Per 4.4, set bits for version and `clock_seq_hi_and_reserved`


  rnds[6] = rnds[6] & 0x0f | 0x40;
  rnds[8] = rnds[8] & 0x3f | 0x80; // Copy bytes to buffer, if provided

  if (buf) {
    offset = offset || 0;

    for (let i = 0; i < 16; ++i) {
      buf[offset + i] = rnds[i];
    }

    return buf;
  }

  return (0, _stringify.unsafeStringify)(rnds);
}	POST	/auth/register	undefined
20240114	15:15:45	function v4(options, buf, offset) {
  if (_native.default.randomUUID && !buf && !options) {
    return _native.default.randomUUID();
  }

  options = options || {};

  const rnds = options.random || (options.rng || _rng.default)(); // Per 4.4, set bits for version and `clock_seq_hi_and_reserved`


  rnds[6] = rnds[6] & 0x0f | 0x40;
  rnds[8] = rnds[8] & 0x3f | 0x80; // Copy bytes to buffer, if provided

  if (buf) {
    offset = offset || 0;

    for (let i = 0; i < 16; ++i) {
      buf[offset + i] = rnds[i];
    }

    return buf;
  }

  return (0, _stringify.unsafeStringify)(rnds);
}	POST	/auth/register	undefined
20240114	15:15:59	function v4(options, buf, offset) {
  if (_native.default.randomUUID && !buf && !options) {
    return _native.default.randomUUID();
  }

  options = options || {};

  const rnds = options.random || (options.rng || _rng.default)(); // Per 4.4, set bits for version and `clock_seq_hi_and_reserved`


  rnds[6] = rnds[6] & 0x0f | 0x40;
  rnds[8] = rnds[8] & 0x3f | 0x80; // Copy bytes to buffer, if provided

  if (buf) {
    offset = offset || 0;

    for (let i = 0; i < 16; ++i) {
      buf[offset + i] = rnds[i];
    }

    return buf;
  }

  return (0, _stringify.unsafeStringify)(rnds);
}	POST	/auth/login	undefined
20240114	15:32:11	function v4(options, buf, offset) {
  if (_native.default.randomUUID && !buf && !options) {
    return _native.default.randomUUID();
  }

  options = options || {};

  const rnds = options.random || (options.rng || _rng.default)(); // Per 4.4, set bits for version and `clock_seq_hi_and_reserved`


  rnds[6] = rnds[6] & 0x0f | 0x40;
  rnds[8] = rnds[8] & 0x3f | 0x80; // Copy bytes to buffer, if provided

  if (buf) {
    offset = offset || 0;

    for (let i = 0; i < 16; ++i) {
      buf[offset + i] = rnds[i];
    }

    return buf;
  }

  return (0, _stringify.unsafeStringify)(rnds);
}	POST	/song	http://localhost:5173
20240114	15:33:04	function v4(options, buf, offset) {
  if (_native.default.randomUUID && !buf && !options) {
    return _native.default.randomUUID();
  }

  options = options || {};

  const rnds = options.random || (options.rng || _rng.default)(); // Per 4.4, set bits for version and `clock_seq_hi_and_reserved`


  rnds[6] = rnds[6] & 0x0f | 0x40;
  rnds[8] = rnds[8] & 0x3f | 0x80; // Copy bytes to buffer, if provided

  if (buf) {
    offset = offset || 0;

    for (let i = 0; i < 16; ++i) {
      buf[offset + i] = rnds[i];
    }

    return buf;
  }

  return (0, _stringify.unsafeStringify)(rnds);
}	POST	/song	http://localhost:5173
20240114	15:34:18	function v4(options, buf, offset) {
  if (_native.default.randomUUID && !buf && !options) {
    return _native.default.randomUUID();
  }

  options = options || {};

  const rnds = options.random || (options.rng || _rng.default)(); // Per 4.4, set bits for version and `clock_seq_hi_and_reserved`


  rnds[6] = rnds[6] & 0x0f | 0x40;
  rnds[8] = rnds[8] & 0x3f | 0x80; // Copy bytes to buffer, if provided

  if (buf) {
    offset = offset || 0;

    for (let i = 0; i < 16; ++i) {
      buf[offset + i] = rnds[i];
    }

    return buf;
  }

  return (0, _stringify.unsafeStringify)(rnds);
}	POST	/song	http://localhost:5173
20240114	15:35:04	function v4(options, buf, offset) {
  if (_native.default.randomUUID && !buf && !options) {
    return _native.default.randomUUID();
  }

  options = options || {};

  const rnds = options.random || (options.rng || _rng.default)(); // Per 4.4, set bits for version and `clock_seq_hi_and_reserved`


  rnds[6] = rnds[6] & 0x0f | 0x40;
  rnds[8] = rnds[8] & 0x3f | 0x80; // Copy bytes to buffer, if provided

  if (buf) {
    offset = offset || 0;

    for (let i = 0; i < 16; ++i) {
      buf[offset + i] = rnds[i];
    }

    return buf;
  }

  return (0, _stringify.unsafeStringify)(rnds);
}	POST	/song	http://localhost:5173
20240114	15:35:42	function v4(options, buf, offset) {
  if (_native.default.randomUUID && !buf && !options) {
    return _native.default.randomUUID();
  }

  options = options || {};

  const rnds = options.random || (options.rng || _rng.default)(); // Per 4.4, set bits for version and `clock_seq_hi_and_reserved`


  rnds[6] = rnds[6] & 0x0f | 0x40;
  rnds[8] = rnds[8] & 0x3f | 0x80; // Copy bytes to buffer, if provided

  if (buf) {
    offset = offset || 0;

    for (let i = 0; i < 16; ++i) {
      buf[offset + i] = rnds[i];
    }

    return buf;
  }

  return (0, _stringify.unsafeStringify)(rnds);
}	POST	/song	http://localhost:5173
20240114	15:35:52	function v4(options, buf, offset) {
  if (_native.default.randomUUID && !buf && !options) {
    return _native.default.randomUUID();
  }

  options = options || {};

  const rnds = options.random || (options.rng || _rng.default)(); // Per 4.4, set bits for version and `clock_seq_hi_and_reserved`


  rnds[6] = rnds[6] & 0x0f | 0x40;
  rnds[8] = rnds[8] & 0x3f | 0x80; // Copy bytes to buffer, if provided

  if (buf) {
    offset = offset || 0;

    for (let i = 0; i < 16; ++i) {
      buf[offset + i] = rnds[i];
    }

    return buf;
  }

  return (0, _stringify.unsafeStringify)(rnds);
}	POST	/song	http://localhost:5173
20240114	15:38:11	function v4(options, buf, offset) {
  if (_native.default.randomUUID && !buf && !options) {
    return _native.default.randomUUID();
  }

  options = options || {};

  const rnds = options.random || (options.rng || _rng.default)(); // Per 4.4, set bits for version and `clock_seq_hi_and_reserved`


  rnds[6] = rnds[6] & 0x0f | 0x40;
  rnds[8] = rnds[8] & 0x3f | 0x80; // Copy bytes to buffer, if provided

  if (buf) {
    offset = offset || 0;

    for (let i = 0; i < 16; ++i) {
      buf[offset + i] = rnds[i];
    }

    return buf;
  }

  return (0, _stringify.unsafeStringify)(rnds);
}	POST	/song	http://localhost:5173
20240114	15:39:11	function v4(options, buf, offset) {
  if (_native.default.randomUUID && !buf && !options) {
    return _native.default.randomUUID();
  }

  options = options || {};

  const rnds = options.random || (options.rng || _rng.default)(); // Per 4.4, set bits for version and `clock_seq_hi_and_reserved`


  rnds[6] = rnds[6] & 0x0f | 0x40;
  rnds[8] = rnds[8] & 0x3f | 0x80; // Copy bytes to buffer, if provided

  if (buf) {
    offset = offset || 0;

    for (let i = 0; i < 16; ++i) {
      buf[offset + i] = rnds[i];
    }

    return buf;
  }

  return (0, _stringify.unsafeStringify)(rnds);
}	POST	/song	http://localhost:5173
20240114	15:44:08	function v4(options, buf, offset) {
  if (_native.default.randomUUID && !buf && !options) {
    return _native.default.randomUUID();
  }

  options = options || {};

  const rnds = options.random || (options.rng || _rng.default)(); // Per 4.4, set bits for version and `clock_seq_hi_and_reserved`


  rnds[6] = rnds[6] & 0x0f | 0x40;
  rnds[8] = rnds[8] & 0x3f | 0x80; // Copy bytes to buffer, if provided

  if (buf) {
    offset = offset || 0;

    for (let i = 0; i < 16; ++i) {
      buf[offset + i] = rnds[i];
    }

    return buf;
  }

  return (0, _stringify.unsafeStringify)(rnds);
}	POST	/song	http://localhost:5173
20240114	15:47:21	function v4(options, buf, offset) {
  if (_native.default.randomUUID && !buf && !options) {
    return _native.default.randomUUID();
  }

  options = options || {};

  const rnds = options.random || (options.rng || _rng.default)(); // Per 4.4, set bits for version and `clock_seq_hi_and_reserved`


  rnds[6] = rnds[6] & 0x0f | 0x40;
  rnds[8] = rnds[8] & 0x3f | 0x80; // Copy bytes to buffer, if provided

  if (buf) {
    offset = offset || 0;

    for (let i = 0; i < 16; ++i) {
      buf[offset + i] = rnds[i];
    }

    return buf;
  }

  return (0, _stringify.unsafeStringify)(rnds);
}	POST	/song	http://localhost:5173
20240115	11:04:29	function v4(options, buf, offset) {
  if (_native.default.randomUUID && !buf && !options) {
    return _native.default.randomUUID();
  }

  options = options || {};

  const rnds = options.random || (options.rng || _rng.default)(); // Per 4.4, set bits for version and `clock_seq_hi_and_reserved`


  rnds[6] = rnds[6] & 0x0f | 0x40;
  rnds[8] = rnds[8] & 0x3f | 0x80; // Copy bytes to buffer, if provided

  if (buf) {
    offset = offset || 0;

    for (let i = 0; i < 16; ++i) {
      buf[offset + i] = rnds[i];
    }

    return buf;
  }

  return (0, _stringify.unsafeStringify)(rnds);
}	GET	/	undefined
20240115	11:04:29	function v4(options, buf, offset) {
  if (_native.default.randomUUID && !buf && !options) {
    return _native.default.randomUUID();
  }

  options = options || {};

  const rnds = options.random || (options.rng || _rng.default)(); // Per 4.4, set bits for version and `clock_seq_hi_and_reserved`


  rnds[6] = rnds[6] & 0x0f | 0x40;
  rnds[8] = rnds[8] & 0x3f | 0x80; // Copy bytes to buffer, if provided

  if (buf) {
    offset = offset || 0;

    for (let i = 0; i < 16; ++i) {
      buf[offset + i] = rnds[i];
    }

    return buf;
  }

  return (0, _stringify.unsafeStringify)(rnds);
}	GET	/favicon.ico	undefined
20240115	11:21:57	function v4(options, buf, offset) {
  if (_native.default.randomUUID && !buf && !options) {
    return _native.default.randomUUID();
  }

  options = options || {};

  const rnds = options.random || (options.rng || _rng.default)(); // Per 4.4, set bits for version and `clock_seq_hi_and_reserved`


  rnds[6] = rnds[6] & 0x0f | 0x40;
  rnds[8] = rnds[8] & 0x3f | 0x80; // Copy bytes to buffer, if provided

  if (buf) {
    offset = offset || 0;

    for (let i = 0; i < 16; ++i) {
      buf[offset + i] = rnds[i];
    }

    return buf;
  }

  return (0, _stringify.unsafeStringify)(rnds);
}	GET	/	undefined
20240115	11:22:36	function v4(options, buf, offset) {
  if (_native.default.randomUUID && !buf && !options) {
    return _native.default.randomUUID();
  }

  options = options || {};

  const rnds = options.random || (options.rng || _rng.default)(); // Per 4.4, set bits for version and `clock_seq_hi_and_reserved`


  rnds[6] = rnds[6] & 0x0f | 0x40;
  rnds[8] = rnds[8] & 0x3f | 0x80; // Copy bytes to buffer, if provided

  if (buf) {
    offset = offset || 0;

    for (let i = 0; i < 16; ++i) {
      buf[offset + i] = rnds[i];
    }

    return buf;
  }

  return (0, _stringify.unsafeStringify)(rnds);
}	POST	/song	http://localhost:3500
20240115	11:23:35	function v4(options, buf, offset) {
  if (_native.default.randomUUID && !buf && !options) {
    return _native.default.randomUUID();
  }

  options = options || {};

  const rnds = options.random || (options.rng || _rng.default)(); // Per 4.4, set bits for version and `clock_seq_hi_and_reserved`


  rnds[6] = rnds[6] & 0x0f | 0x40;
  rnds[8] = rnds[8] & 0x3f | 0x80; // Copy bytes to buffer, if provided

  if (buf) {
    offset = offset || 0;

    for (let i = 0; i < 16; ++i) {
      buf[offset + i] = rnds[i];
    }

    return buf;
  }

  return (0, _stringify.unsafeStringify)(rnds);
}	POST	/song	http://localhost:3500
20240115	11:25:44	function v4(options, buf, offset) {
  if (_native.default.randomUUID && !buf && !options) {
    return _native.default.randomUUID();
  }

  options = options || {};

  const rnds = options.random || (options.rng || _rng.default)(); // Per 4.4, set bits for version and `clock_seq_hi_and_reserved`


  rnds[6] = rnds[6] & 0x0f | 0x40;
  rnds[8] = rnds[8] & 0x3f | 0x80; // Copy bytes to buffer, if provided

  if (buf) {
    offset = offset || 0;

    for (let i = 0; i < 16; ++i) {
      buf[offset + i] = rnds[i];
    }

    return buf;
  }

  return (0, _stringify.unsafeStringify)(rnds);
}	POST	/song	http://localhost:3500
20240115	11:27:15	function v4(options, buf, offset) {
  if (_native.default.randomUUID && !buf && !options) {
    return _native.default.randomUUID();
  }

  options = options || {};

  const rnds = options.random || (options.rng || _rng.default)(); // Per 4.4, set bits for version and `clock_seq_hi_and_reserved`


  rnds[6] = rnds[6] & 0x0f | 0x40;
  rnds[8] = rnds[8] & 0x3f | 0x80; // Copy bytes to buffer, if provided

  if (buf) {
    offset = offset || 0;

    for (let i = 0; i < 16; ++i) {
      buf[offset + i] = rnds[i];
    }

    return buf;
  }

  return (0, _stringify.unsafeStringify)(rnds);
}	POST	/song	http://localhost:3500
20240115	11:33:59	function v4(options, buf, offset) {
  if (_native.default.randomUUID && !buf && !options) {
    return _native.default.randomUUID();
  }

  options = options || {};

  const rnds = options.random || (options.rng || _rng.default)(); // Per 4.4, set bits for version and `clock_seq_hi_and_reserved`


  rnds[6] = rnds[6] & 0x0f | 0x40;
  rnds[8] = rnds[8] & 0x3f | 0x80; // Copy bytes to buffer, if provided

  if (buf) {
    offset = offset || 0;

    for (let i = 0; i < 16; ++i) {
      buf[offset + i] = rnds[i];
    }

    return buf;
  }

  return (0, _stringify.unsafeStringify)(rnds);
}	POST	/song	http://localhost:3500
20240115	11:35:32	function v4(options, buf, offset) {
  if (_native.default.randomUUID && !buf && !options) {
    return _native.default.randomUUID();
  }

  options = options || {};

  const rnds = options.random || (options.rng || _rng.default)(); // Per 4.4, set bits for version and `clock_seq_hi_and_reserved`


  rnds[6] = rnds[6] & 0x0f | 0x40;
  rnds[8] = rnds[8] & 0x3f | 0x80; // Copy bytes to buffer, if provided

  if (buf) {
    offset = offset || 0;

    for (let i = 0; i < 16; ++i) {
      buf[offset + i] = rnds[i];
    }

    return buf;
  }

  return (0, _stringify.unsafeStringify)(rnds);
}	POST	/song	http://localhost:3500
20240115	11:37:25	function v4(options, buf, offset) {
  if (_native.default.randomUUID && !buf && !options) {
    return _native.default.randomUUID();
  }

  options = options || {};

  const rnds = options.random || (options.rng || _rng.default)(); // Per 4.4, set bits for version and `clock_seq_hi_and_reserved`


  rnds[6] = rnds[6] & 0x0f | 0x40;
  rnds[8] = rnds[8] & 0x3f | 0x80; // Copy bytes to buffer, if provided

  if (buf) {
    offset = offset || 0;

    for (let i = 0; i < 16; ++i) {
      buf[offset + i] = rnds[i];
    }

    return buf;
  }

  return (0, _stringify.unsafeStringify)(rnds);
}	POST	/song	http://localhost:3500
20240115	11:38:49	function v4(options, buf, offset) {
  if (_native.default.randomUUID && !buf && !options) {
    return _native.default.randomUUID();
  }

  options = options || {};

  const rnds = options.random || (options.rng || _rng.default)(); // Per 4.4, set bits for version and `clock_seq_hi_and_reserved`


  rnds[6] = rnds[6] & 0x0f | 0x40;
  rnds[8] = rnds[8] & 0x3f | 0x80; // Copy bytes to buffer, if provided

  if (buf) {
    offset = offset || 0;

    for (let i = 0; i < 16; ++i) {
      buf[offset + i] = rnds[i];
    }

    return buf;
  }

  return (0, _stringify.unsafeStringify)(rnds);
}	POST	/song	http://localhost:3500
20240115	11:46:24	function v4(options, buf, offset) {
  if (_native.default.randomUUID && !buf && !options) {
    return _native.default.randomUUID();
  }

  options = options || {};

  const rnds = options.random || (options.rng || _rng.default)(); // Per 4.4, set bits for version and `clock_seq_hi_and_reserved`


  rnds[6] = rnds[6] & 0x0f | 0x40;
  rnds[8] = rnds[8] & 0x3f | 0x80; // Copy bytes to buffer, if provided

  if (buf) {
    offset = offset || 0;

    for (let i = 0; i < 16; ++i) {
      buf[offset + i] = rnds[i];
    }

    return buf;
  }

  return (0, _stringify.unsafeStringify)(rnds);
}	POST	/song	http://localhost:3500
20240115	11:48:47	function v4(options, buf, offset) {
  if (_native.default.randomUUID && !buf && !options) {
    return _native.default.randomUUID();
  }

  options = options || {};

  const rnds = options.random || (options.rng || _rng.default)(); // Per 4.4, set bits for version and `clock_seq_hi_and_reserved`


  rnds[6] = rnds[6] & 0x0f | 0x40;
  rnds[8] = rnds[8] & 0x3f | 0x80; // Copy bytes to buffer, if provided

  if (buf) {
    offset = offset || 0;

    for (let i = 0; i < 16; ++i) {
      buf[offset + i] = rnds[i];
    }

    return buf;
  }

  return (0, _stringify.unsafeStringify)(rnds);
}	POST	/song	http://localhost:3500
20240115	11:52:06	function v4(options, buf, offset) {
  if (_native.default.randomUUID && !buf && !options) {
    return _native.default.randomUUID();
  }

  options = options || {};

  const rnds = options.random || (options.rng || _rng.default)(); // Per 4.4, set bits for version and `clock_seq_hi_and_reserved`


  rnds[6] = rnds[6] & 0x0f | 0x40;
  rnds[8] = rnds[8] & 0x3f | 0x80; // Copy bytes to buffer, if provided

  if (buf) {
    offset = offset || 0;

    for (let i = 0; i < 16; ++i) {
      buf[offset + i] = rnds[i];
    }

    return buf;
  }

  return (0, _stringify.unsafeStringify)(rnds);
}	POST	/song	http://localhost:3500
20240115	11:53:28	function v4(options, buf, offset) {
  if (_native.default.randomUUID && !buf && !options) {
    return _native.default.randomUUID();
  }

  options = options || {};

  const rnds = options.random || (options.rng || _rng.default)(); // Per 4.4, set bits for version and `clock_seq_hi_and_reserved`


  rnds[6] = rnds[6] & 0x0f | 0x40;
  rnds[8] = rnds[8] & 0x3f | 0x80; // Copy bytes to buffer, if provided

  if (buf) {
    offset = offset || 0;

    for (let i = 0; i < 16; ++i) {
      buf[offset + i] = rnds[i];
    }

    return buf;
  }

  return (0, _stringify.unsafeStringify)(rnds);
}	POST	/song	http://localhost:3500
20240115	11:56:40	function v4(options, buf, offset) {
  if (_native.default.randomUUID && !buf && !options) {
    return _native.default.randomUUID();
  }

  options = options || {};

  const rnds = options.random || (options.rng || _rng.default)(); // Per 4.4, set bits for version and `clock_seq_hi_and_reserved`


  rnds[6] = rnds[6] & 0x0f | 0x40;
  rnds[8] = rnds[8] & 0x3f | 0x80; // Copy bytes to buffer, if provided

  if (buf) {
    offset = offset || 0;

    for (let i = 0; i < 16; ++i) {
      buf[offset + i] = rnds[i];
    }

    return buf;
  }

  return (0, _stringify.unsafeStringify)(rnds);
}	POST	/song	http://localhost:3500
